{"contracts/BasicNft.sol":{"l":{"13":3,"17":12,"18":12,"25":0,"29":0},"path":"/Users/gokul/Desktop/projects/hardhat-fcc/hardhat-nft-marketplace/contracts/BasicNft.sol","s":{"1":12,"2":0,"3":0},"b":{},"f":{"1":3,"2":12,"3":0,"4":0},"fnMap":{"1":{"name":"constructor","line":12,"loc":{"start":{"line":12,"column":4},"end":{"line":14,"column":4}}},"2":{"name":"mintBasicNft","line":16,"loc":{"start":{"line":16,"column":4},"end":{"line":19,"column":4}}},"3":{"name":"tokenURI","line":22,"loc":{"start":{"line":22,"column":4},"end":{"line":26,"column":4}}},"4":{"name":"getTokenCounter","line":28,"loc":{"start":{"line":28,"column":4},"end":{"line":30,"column":4}}}},"statementMap":{"1":{"start":{"line":18,"column":8},"end":{"line":18,"column":44}},"2":{"start":{"line":25,"column":8},"end":{"line":25,"column":24}},"3":{"start":{"line":29,"column":8},"end":{"line":29,"column":29}}},"branchMap":{}},"contracts/NftMarketplace.sol":{"l":{"57":12,"58":12,"59":1,"61":11,"69":15,"70":15,"71":15,"72":2,"74":13,"78":7,"79":7,"80":2,"82":5,"95":10,"96":1,"100":9,"101":0,"104":9,"105":9,"114":3,"115":3,"117":3,"118":1,"121":2,"122":2,"123":2,"129":2,"137":1,"138":1,"150":1,"151":0,"153":1,"154":1,"158":1,"159":1,"160":1,"163":0,"164":0,"165":0,"166":0,"176":4,"180":1},"path":"/Users/gokul/Desktop/projects/hardhat-fcc/hardhat-nft-marketplace/contracts/NftMarketplace.sol","s":{"1":12,"2":12,"3":15,"4":15,"5":15,"6":7,"7":7,"8":10,"9":9,"10":9,"11":3,"12":3,"13":3,"14":2,"15":2,"16":1,"17":1,"18":1,"19":1,"20":1,"21":0,"22":0,"23":4,"24":1},"b":{"1":[1,11],"2":[2,13],"3":[2,5],"4":[11,1],"5":[10,1],"6":[1,9],"7":[0,9],"8":[3,1],"9":[3,0],"10":[1,2],"11":[1,1],"12":[1,0],"13":[2,0],"14":[1,1],"15":[0,1],"16":[1,0],"17":[0,0]},"f":{"1":12,"2":15,"3":7,"4":10,"5":3,"6":1,"7":1,"8":1,"9":4,"10":1},"fnMap":{"1":{"name":"notListed","line":56,"loc":{"start":{"line":56,"column":4},"end":{"line":62,"column":4}}},"2":{"name":"isOwner","line":64,"loc":{"start":{"line":64,"column":4},"end":{"line":75,"column":4}}},"3":{"name":"isListed","line":77,"loc":{"start":{"line":77,"column":4},"end":{"line":83,"column":4}}},"4":{"name":"listItem","line":93,"loc":{"start":{"line":86,"column":4},"end":{"line":106,"column":4}}},"5":{"name":"buyItem","line":112,"loc":{"start":{"line":108,"column":4},"end":{"line":130,"column":4}}},"6":{"name":"cancelListing","line":135,"loc":{"start":{"line":132,"column":4},"end":{"line":139,"column":4}}},"7":{"name":"updatePrice","line":148,"loc":{"start":{"line":141,"column":4},"end":{"line":155,"column":4}}},"8":{"name":"withdrawProceeds","line":157,"loc":{"start":{"line":157,"column":4},"end":{"line":168,"column":4}}},"9":{"name":"getListing","line":171,"loc":{"start":{"line":171,"column":4},"end":{"line":177,"column":4}}},"10":{"name":"getProceeds","line":179,"loc":{"start":{"line":179,"column":4},"end":{"line":181,"column":4}}}},"statementMap":{"1":{"start":{"line":57,"column":8},"end":{"line":57,"column":64}},"2":{"start":{"line":58,"column":8},"end":{"line":58,"column":1610}},"3":{"start":{"line":69,"column":8},"end":{"line":69,"column":41}},"4":{"start":{"line":70,"column":8},"end":{"line":70,"column":44}},"5":{"start":{"line":71,"column":8},"end":{"line":71,"column":1938}},"6":{"start":{"line":78,"column":8},"end":{"line":78,"column":64}},"7":{"start":{"line":79,"column":8},"end":{"line":79,"column":2172}},"8":{"start":{"line":95,"column":8},"end":{"line":95,"column":2562}},"9":{"start":{"line":100,"column":8},"end":{"line":100,"column":2677}},"10":{"start":{"line":105,"column":8},"end":{"line":105,"column":63}},"11":{"start":{"line":114,"column":8},"end":{"line":114,"column":64}},"12":{"start":{"line":115,"column":8},"end":{"line":115,"column":37}},"13":{"start":{"line":117,"column":8},"end":{"line":117,"column":3262}},"14":{"start":{"line":123,"column":8},"end":{"line":123,"column":3484}},"15":{"start":{"line":129,"column":8},"end":{"line":129,"column":63}},"16":{"start":{"line":138,"column":8},"end":{"line":138,"column":62}},"17":{"start":{"line":150,"column":8},"end":{"line":150,"column":4201}},"18":{"start":{"line":154,"column":8},"end":{"line":154,"column":66}},"19":{"start":{"line":158,"column":8},"end":{"line":158,"column":49}},"20":{"start":{"line":159,"column":8},"end":{"line":159,"column":4515}},"21":{"start":{"line":164,"column":8},"end":{"line":164,"column":72}},"22":{"start":{"line":165,"column":8},"end":{"line":165,"column":4714}},"23":{"start":{"line":176,"column":8},"end":{"line":176,"column":46}},"24":{"start":{"line":180,"column":8},"end":{"line":180,"column":33}}},"branchMap":{"1":{"line":58,"type":"if","locations":[{"start":{"line":58,"column":8},"end":{"line":58,"column":8}},{"start":{"line":58,"column":8},"end":{"line":58,"column":8}}]},"2":{"line":71,"type":"if","locations":[{"start":{"line":71,"column":8},"end":{"line":71,"column":8}},{"start":{"line":71,"column":8},"end":{"line":71,"column":8}}]},"3":{"line":79,"type":"if","locations":[{"start":{"line":79,"column":8},"end":{"line":79,"column":8}},{"start":{"line":79,"column":8},"end":{"line":79,"column":8}}]},"4":{"line":92,"type":"if","locations":[{"start":{"line":92,"column":8},"end":{"line":92,"column":8}},{"start":{"line":92,"column":8},"end":{"line":92,"column":8}}]},"5":{"line":93,"type":"if","locations":[{"start":{"line":93,"column":8},"end":{"line":93,"column":8}},{"start":{"line":93,"column":8},"end":{"line":93,"column":8}}]},"6":{"line":95,"type":"if","locations":[{"start":{"line":95,"column":8},"end":{"line":95,"column":8}},{"start":{"line":95,"column":8},"end":{"line":95,"column":8}}]},"7":{"line":100,"type":"if","locations":[{"start":{"line":100,"column":8},"end":{"line":100,"column":8}},{"start":{"line":100,"column":8},"end":{"line":100,"column":8}}]},"8":{"line":111,"type":"if","locations":[{"start":{"line":111,"column":8},"end":{"line":111,"column":8}},{"start":{"line":111,"column":8},"end":{"line":111,"column":8}}]},"9":{"line":112,"type":"if","locations":[{"start":{"line":112,"column":8},"end":{"line":112,"column":8}},{"start":{"line":112,"column":8},"end":{"line":112,"column":8}}]},"10":{"line":117,"type":"if","locations":[{"start":{"line":117,"column":8},"end":{"line":117,"column":8}},{"start":{"line":117,"column":8},"end":{"line":117,"column":8}}]},"11":{"line":134,"type":"if","locations":[{"start":{"line":134,"column":8},"end":{"line":134,"column":8}},{"start":{"line":134,"column":8},"end":{"line":134,"column":8}}]},"12":{"line":135,"type":"if","locations":[{"start":{"line":135,"column":8},"end":{"line":135,"column":8}},{"start":{"line":135,"column":8},"end":{"line":135,"column":8}}]},"13":{"line":147,"type":"if","locations":[{"start":{"line":147,"column":8},"end":{"line":147,"column":8}},{"start":{"line":147,"column":8},"end":{"line":147,"column":8}}]},"14":{"line":148,"type":"if","locations":[{"start":{"line":148,"column":8},"end":{"line":148,"column":8}},{"start":{"line":148,"column":8},"end":{"line":148,"column":8}}]},"15":{"line":150,"type":"if","locations":[{"start":{"line":150,"column":8},"end":{"line":150,"column":8}},{"start":{"line":150,"column":8},"end":{"line":150,"column":8}}]},"16":{"line":159,"type":"if","locations":[{"start":{"line":159,"column":8},"end":{"line":159,"column":8}},{"start":{"line":159,"column":8},"end":{"line":159,"column":8}}]},"17":{"line":165,"type":"if","locations":[{"start":{"line":165,"column":8},"end":{"line":165,"column":8}},{"start":{"line":165,"column":8},"end":{"line":165,"column":8}}]}}}}