TN:
SF:/Users/gokul/Desktop/projects/hardhat-fcc/hardhat-nft-marketplace/contracts/BasicNft.sol
FN:12,constructor
FN:16,mintBasicNft
FN:22,tokenURI
FN:28,getTokenCounter
FNF:4
FNH:2
FNDA:3,constructor
FNDA:12,mintBasicNft
FNDA:0,tokenURI
FNDA:0,getTokenCounter
DA:13,3
DA:17,12
DA:18,12
DA:25,0
DA:29,0
LF:5
LH:3
BRF:0
BRH:0
end_of_record
TN:
SF:/Users/gokul/Desktop/projects/hardhat-fcc/hardhat-nft-marketplace/contracts/NftMarketplace.sol
FN:56,notListed
FN:64,isOwner
FN:77,isListed
FN:93,listItem
FN:112,buyItem
FN:135,cancelListing
FN:148,updatePrice
FN:157,withdrawProceeds
FN:171,getListing
FN:179,getProceeds
FNF:10
FNH:10
FNDA:12,notListed
FNDA:15,isOwner
FNDA:7,isListed
FNDA:10,listItem
FNDA:3,buyItem
FNDA:1,cancelListing
FNDA:1,updatePrice
FNDA:1,withdrawProceeds
FNDA:4,getListing
FNDA:1,getProceeds
DA:57,12
DA:58,12
DA:59,1
DA:61,11
DA:69,15
DA:70,15
DA:71,15
DA:72,2
DA:74,13
DA:78,7
DA:79,7
DA:80,2
DA:82,5
DA:95,10
DA:96,1
DA:100,9
DA:101,0
DA:104,9
DA:105,9
DA:114,3
DA:115,3
DA:117,3
DA:118,1
DA:121,2
DA:122,2
DA:123,2
DA:129,2
DA:137,1
DA:138,1
DA:150,1
DA:151,0
DA:153,1
DA:154,1
DA:158,1
DA:159,1
DA:160,1
DA:163,0
DA:164,0
DA:165,0
DA:166,0
DA:176,4
DA:180,1
LF:42
LH:36
BRDA:58,1,0,1
BRDA:58,1,1,11
BRDA:71,2,0,2
BRDA:71,2,1,13
BRDA:79,3,0,2
BRDA:79,3,1,5
BRDA:92,4,0,11
BRDA:92,4,1,1
BRDA:93,5,0,10
BRDA:93,5,1,1
BRDA:95,6,0,1
BRDA:95,6,1,9
BRDA:100,7,0,0
BRDA:100,7,1,9
BRDA:111,8,0,3
BRDA:111,8,1,1
BRDA:112,9,0,3
BRDA:112,9,1,0
BRDA:117,10,0,1
BRDA:117,10,1,2
BRDA:134,11,0,1
BRDA:134,11,1,1
BRDA:135,12,0,1
BRDA:135,12,1,0
BRDA:147,13,0,2
BRDA:147,13,1,0
BRDA:148,14,0,1
BRDA:148,14,1,1
BRDA:150,15,0,0
BRDA:150,15,1,1
BRDA:159,16,0,1
BRDA:159,16,1,0
BRDA:165,17,0,0
BRDA:165,17,1,0
BRF:34
BRH:26
end_of_record
